{"runNumber":1,"timestamp":"2026-01-19 05:11:53.896","timestampMs":1768817513896,"tests":[{"testClassSimple":"BSTConcurrencyTesting","testDisplayName":"testIterator()","testId":"BSTConcurrencyTesting#testIterator()","status":"FAILED","cause":"java.lang.Error: Unresolved compilation problems: \n\tThe method iterator() is undefined for the type BinarySearchTree<Integer>\n\tThe method insert(int) is undefined for the type BinarySearchTree<Integer>\n\tThe method insert(int) is undefined for the type BinarySearchTree<Integer>\n\tThe method insert(int) is undefined for the type BinarySearchTree<Integer>\n\tThe method insert(int) is undefined for the type BinarySearchTree<Integer>\n\tThe method insert(int) is undefined for the type BinarySearchTree<Integer>\n\tThe method insert(int) is undefined for the type BinarySearchTree<Integer>\n\tThe method insert(int) is undefined for the type BinarySearchTree<Integer>\n\tThe method insert(int) is undefined for the type BinarySearchTree<Integer>\n\tThe method insert(int) is undefined for the type BinarySearchTree<Integer>\n\tThe method iterator() is undefined for the type BinarySearchTree<Integer>\n\tThe method iterator() is undefined for the type BinarySearchTree<Integer>\n\tThe method insert(int) is undefined for the type BinarySearchTree<Integer>"},{"testClassSimple":"BSTConcurrencyTesting","testDisplayName":"testPreOrderIteratorConcurrentModificationException()","testId":"BSTConcurrencyTesting#testPreOrderIteratorConcurrentModificationException()","status":"FAILED","cause":"java.lang.Error: Unresolved compilation problems: \n\tThe method insert(int) is undefined for the type BinarySearchTree<Integer>\n\tThe method insert(int) is undefined for the type BinarySearchTree<Integer>\n\tThe method insert(int) is undefined for the type BinarySearchTree<Integer>\n\tThe method insert(int) is undefined for the type BinarySearchTree<Integer>\n\tThe method insert(int) is undefined for the type BinarySearchTree<Integer>\n\tThe method insert(int) is undefined for the type BinarySearchTree<Integer>\n\tThe method preOrderIterator() is undefined for the type BinarySearchTree<Integer>\n\tThe method insert(int) is undefined for the type BinarySearchTree<Integer>\n\tThe method preOrderIterator() is undefined for the type BinarySearchTree<Integer>\n\tThe method insert(int) is undefined for the type BinarySearchTree<Integer>\n\tThe method preOrderIterator() is undefined for the type BinarySearchTree<Integer>"},{"testClassSimple":"BSTConcurrencyTesting","testDisplayName":"testRemoveConcurrentModifcationException()","testId":"BSTConcurrencyTesting#testRemoveConcurrentModifcationException()","status":"FAILED","cause":"java.lang.Error: Unresolved compilation problems: \n\tThe method remove(int) is undefined for the type BinarySearchTree<Integer>\n\tThe method insert(int) is undefined for the type BinarySearchTree<Integer>\n\tThe method remove(int) is undefined for the type BinarySearchTree<Integer>\n\tThe method insert(int) is undefined for the type BinarySearchTree<Integer>\n\tThe method insert(int) is undefined for the type BinarySearchTree<Integer>\n\tThe method insert(int) is undefined for the type BinarySearchTree<Integer>\n\tThe method remove(int) is undefined for the type BinarySearchTree<Integer>\n\tThe method preOrderIterator() is undefined for the type BinarySearchTree<Integer>\n\tThe method insert(int) is undefined for the type BinarySearchTree<Integer>\n\tThe method preOrderIterator() is undefined for the type BinarySearchTree<Integer>\n\tThe method remove(int) is undefined for the type BinarySearchTree<Integer>"},{"testClassSimple":"BSTConcurrencyTesting","testDisplayName":"testRemoveInInOrderIterator()","testId":"BSTConcurrencyTesting#testRemoveInInOrderIterator()","status":"FAILED","cause":"java.lang.Error: Unresolved compilation problems: \n\tThe method iterator() is undefined for the type BinarySearchTree<Integer>\n\tThe method insert(int) is undefined for the type BinarySearchTree<Integer>\n\tThe method insert(int) is undefined for the type BinarySearchTree<Integer>\n\tThe method insert(int) is undefined for the type BinarySearchTree<Integer>\n\tThe method iterator() is undefined for the type BinarySearchTree<Integer>\n\tThe method remove(int) is undefined for the type BinarySearchTree<Integer>"},{"testClassSimple":"BSTConcurrencyTesting","testDisplayName":"testRemoveInPreOrderIterator()","testId":"BSTConcurrencyTesting#testRemoveInPreOrderIterator()","status":"FAILED","cause":"java.lang.Error: Unresolved compilation problems: \n\tThe method preOrderIterator() is undefined for the type BinarySearchTree<Integer>\n\tThe method insert(int) is undefined for the type BinarySearchTree<Integer>\n\tThe method insert(int) is undefined for the type BinarySearchTree<Integer>\n\tThe method insert(int) is undefined for the type BinarySearchTree<Integer>\n\tThe method preOrderIterator() is undefined for the type BinarySearchTree<Integer>\n\tThe method remove(int) is undefined for the type BinarySearchTree<Integer>"}]}
{"runNumber":2,"timestamp":"2026-01-19 05:14:59.214","timestampMs":1768817699214,"tests":[{"testClassSimple":"BSTTesting","testDisplayName":"testInsertInts()","testId":"BSTTesting#testInsertInts()","status":"FAILED","cause":"java.lang.UnsupportedClassVersionError: BinarySearchTree has been compiled by a more recent version of the Java Runtime (class file version 68.0), this version of the Java Runtime only recognizes class file versions up to 59.0"}]}
{"runNumber":3,"timestamp":"2026-01-19 05:16:16.741","timestampMs":1768817776741,"tests":[{"testClassSimple":"BSTTesting","testDisplayName":"testInsertInts()","testId":"BSTTesting#testInsertInts()","status":"FAILED","cause":"java.lang.UnsupportedClassVersionError: BinarySearchTree has been compiled by a more recent version of the Java Runtime (class file version 68.0), this version of the Java Runtime only recognizes class file versions up to 59.0"}]}
{"runNumber":4,"timestamp":"2026-01-19 05:18:31.582","timestampMs":1768817911582,"tests":[{"testClassSimple":"BSTTesting","testDisplayName":"testInsertInts()","testId":"BSTTesting#testInsertInts()","status":"FAILED","cause":"java.lang.UnsupportedClassVersionError: BinarySearchTree has been compiled by a more recent version of the Java Runtime (class file version 68.0), this version of the Java Runtime only recognizes class file versions up to 59.0"}]}
{"runNumber":5,"timestamp":"2026-01-19 05:20:20.275","timestampMs":1768818020275,"tests":[{"testClassSimple":"BSTTesting","testDisplayName":"testInsertInts()","testId":"BSTTesting#testInsertInts()","status":"FAILED","cause":"java.lang.UnsupportedClassVersionError: BinarySearchTree has been compiled by a more recent version of the Java Runtime (class file version 68.0), this version of the Java Runtime only recognizes class file versions up to 59.0"}]}
{"runNumber":6,"timestamp":"2026-01-19 06:01:54.902","timestampMs":1768820514902,"tests":[{"testClassSimple":"BSTTesting","testDisplayName":"testInsertInts()","testId":"BSTTesting#testInsertInts()","status":"FAILED","cause":"org.opentest4j.AssertionFailedError: expected: <[]> but was: <BinarySearchTree@79207381>"}]}
{"runNumber":7,"timestamp":"2026-01-19 06:15:06.454","timestampMs":1768821306454,"tests":[{"testClassSimple":"BSTTesting","testDisplayName":"testInsertInts()","testId":"BSTTesting#testInsertInts()","status":"FAILED","cause":"org.opentest4j.AssertionFailedError: expected: <[]> but was: <BinarySearchTree@23f5b5dc>"}]}
{"runNumber":8,"timestamp":"2026-01-19 06:20:44.085","timestampMs":1768821644085,"tests":[{"testClassSimple":"BSTTesting","testDisplayName":"testInsertInts()","testId":"BSTTesting#testInsertInts()","status":"FAILED","cause":"org.opentest4j.AssertionFailedError: expected: <[]> but was: <BinarySearchTree@3f4faf53>"}]}
{"runNumber":9,"timestamp":"2026-01-19 06:30:25.288","timestampMs":1768822225288,"tests":[{"testClassSimple":"BSTTesting","testDisplayName":"testInsertInts()","testId":"BSTTesting#testInsertInts()","status":"FAILED","cause":"org.opentest4j.AssertionFailedError: expected: <[2, 4, 5, 7, 10]> but was: <[5, 2, 4, 7, 10]>"}]}
{"runNumber":10,"timestamp":"2026-01-19 06:31:31.825","timestampMs":1768822291825,"tests":[{"testClassSimple":"BSTTesting","testDisplayName":"testInsertInts()","testId":"BSTTesting#testInsertInts()","status":"SUCCESSFUL"}]}
{"runNumber":11,"timestamp":"2026-01-19 08:36:16.065","timestampMs":1768829776065,"tests":[{"testClassSimple":"BSTConcurrencyTesting","testDisplayName":"testPreOrderIteratorConcurrentModificationException()","testId":"BSTConcurrencyTesting#testPreOrderIteratorConcurrentModificationException()","status":"FAILED","cause":"org.opentest4j.AssertionFailedError: Did not throw ConcurrentModificationException"}]}
{"runNumber":12,"timestamp":"2026-01-19 08:36:32.986","timestampMs":1768829792986,"tests":[{"testClassSimple":"BSTConcurrencyTesting","testDisplayName":"testPreOrderIteratorConcurrentModificationException()","testId":"BSTConcurrencyTesting#testPreOrderIteratorConcurrentModificationException()","status":"FAILED","cause":"org.opentest4j.AssertionFailedError: Did not throw ConcurrentModificationException"}]}
{"runNumber":13,"timestamp":"2026-01-19 08:36:43.295","timestampMs":1768829803295,"tests":[{"testClassSimple":"BSTConcurrencyTesting","testDisplayName":"testPreOrderIteratorConcurrentModificationException()","testId":"BSTConcurrencyTesting#testPreOrderIteratorConcurrentModificationException()","status":"FAILED","cause":"org.opentest4j.AssertionFailedError: Did not throw ConcurrentModificationException"},{"testClassSimple":"BSTTesting","testDisplayName":"testInsertInts()","testId":"BSTTesting#testInsertInts()","status":"SUCCESSFUL"}]}
